<?xml version="1.0" encoding="UTF-8"?>
<coverage generated="1771926183436" clover="3.2.0">
  <project timestamp="1771926183437" name="All files">
    <metrics statements="157" coveredstatements="122" conditionals="121" coveredconditionals="85" methods="45" coveredmethods="37" elements="323" coveredelements="244" complexity="0" loc="157" ncloc="157" packages="3" files="4" classes="4"/>
    <package name="lib">
      <metrics statements="14" coveredstatements="14" conditionals="20" coveredconditionals="19" methods="2" coveredmethods="2"/>
      <file name="utils.ts" path="C:\Users\devil\OneDrive\Bureau\projets\pop_placard\src\lib\utils.ts">
        <metrics statements="14" coveredstatements="14" conditionals="20" coveredconditionals="19" methods="2" coveredmethods="2"/>
        <line num="5" count="3" type="stmt"/>
        <line num="9" count="152" type="cond" truecount="4" falsecount="0"/>
        <line num="10" count="3" type="cond" truecount="2" falsecount="0"/>
        <line num="13" count="149" type="stmt"/>
        <line num="14" count="149" type="stmt"/>
        <line num="16" count="149" type="stmt"/>
        <line num="18" count="149" type="cond" truecount="2" falsecount="0"/>
        <line num="19" count="147" type="cond" truecount="1" falsecount="1"/>
        <line num="22" count="149" type="cond" truecount="2" falsecount="0"/>
        <line num="23" count="32" type="cond" truecount="2" falsecount="0"/>
        <line num="24" count="32" type="cond" truecount="2" falsecount="0"/>
        <line num="27" count="149" type="cond" truecount="2" falsecount="0"/>
        <line num="28" count="1" type="stmt"/>
        <line num="31" count="149" type="cond" truecount="2" falsecount="0"/>
      </file>
    </package>
    <package name="pages">
      <metrics statements="91" coveredstatements="81" conditionals="68" coveredconditionals="55" methods="34" coveredmethods="29"/>
      <file name="StockDistribution.tsx" path="C:\Users\devil\OneDrive\Bureau\projets\pop_placard\src\pages\StockDistribution.tsx">
        <metrics statements="46" coveredstatements="40" conditionals="34" coveredconditionals="28" methods="17" coveredmethods="14"/>
        <line num="8" count="1" type="stmt"/>
        <line num="9" count="42" type="stmt"/>
        <line num="10" count="42" type="stmt"/>
        <line num="11" count="42" type="stmt"/>
        <line num="12" count="42" type="stmt"/>
        <line num="13" count="42" type="stmt"/>
        <line num="15" count="42" type="stmt"/>
        <line num="22" count="44" type="stmt"/>
        <line num="23" count="42" type="cond" truecount="2" falsecount="0"/>
        <line num="24" count="42" type="stmt"/>
        <line num="26" count="42" type="stmt"/>
        <line num="27" count="3" type="stmt"/>
        <line num="30" count="42" type="stmt"/>
        <line num="31" count="4" type="stmt"/>
        <line num="32" count="4" type="stmt"/>
        <line num="33" count="4" type="stmt"/>
        <line num="40" count="4" type="cond" truecount="1" falsecount="1"/>
        <line num="41" count="4" type="cond" truecount="1" falsecount="1"/>
        <line num="43" count="0" type="stmt"/>
        <line num="44" count="0" type="stmt"/>
        <line num="46" count="4" type="stmt"/>
        <line num="50" count="42" type="stmt"/>
        <line num="51" count="2" type="stmt"/>
        <line num="54" count="42" type="stmt"/>
        <line num="55" count="1" type="stmt"/>
        <line num="56" count="1" type="cond" truecount="3" falsecount="1"/>
        <line num="58" count="1" type="stmt"/>
        <line num="59" count="1" type="stmt"/>
        <line num="62" count="1" type="stmt"/>
        <line num="70" count="1" type="cond" truecount="1" falsecount="1"/>
        <line num="72" count="1" type="stmt"/>
        <line num="75" count="1" type="stmt"/>
        <line num="81" count="1" type="stmt"/>
        <line num="84" count="1" type="stmt"/>
        <line num="86" count="0" type="stmt"/>
        <line num="87" count="0" type="stmt"/>
        <line num="89" count="1" type="stmt"/>
        <line num="93" count="42" type="stmt"/>
        <line num="94" count="78" type="stmt"/>
        <line num="97" count="42" type="stmt"/>
        <line num="118" count="0" type="stmt"/>
        <line num="129" count="76" type="stmt"/>
        <line num="132" count="2" type="stmt"/>
        <line num="192" count="8" type="cond" truecount="2" falsecount="0"/>
        <line num="217" count="0" type="stmt"/>
        <line num="230" count="22" type="stmt"/>
      </file>
      <file name="StockEntry.tsx" path="C:\Users\devil\OneDrive\Bureau\projets\pop_placard\src\pages\StockEntry.tsx">
        <metrics statements="45" coveredstatements="41" conditionals="34" coveredconditionals="27" methods="17" coveredmethods="15"/>
        <line num="7" count="1" type="stmt"/>
        <line num="8" count="33" type="stmt"/>
        <line num="9" count="33" type="stmt"/>
        <line num="10" count="33" type="stmt"/>
        <line num="11" count="33" type="stmt"/>
        <line num="12" count="33" type="stmt"/>
        <line num="14" count="33" type="stmt"/>
        <line num="21" count="39" type="stmt"/>
        <line num="22" count="33" type="cond" truecount="4" falsecount="0"/>
        <line num="24" count="33" type="stmt"/>
        <line num="25" count="5" type="stmt"/>
        <line num="28" count="33" type="stmt"/>
        <line num="29" count="6" type="stmt"/>
        <line num="30" count="6" type="stmt"/>
        <line num="31" count="6" type="stmt"/>
        <line num="37" count="6" type="cond" truecount="1" falsecount="1"/>
        <line num="38" count="6" type="cond" truecount="1" falsecount="1"/>
        <line num="40" count="0" type="stmt"/>
        <line num="42" count="6" type="stmt"/>
        <line num="46" count="33" type="stmt"/>
        <line num="47" count="3" type="stmt"/>
        <line num="50" count="33" type="stmt"/>
        <line num="51" count="1" type="stmt"/>
        <line num="52" count="1" type="cond" truecount="1" falsecount="1"/>
        <line num="54" count="1" type="stmt"/>
        <line num="55" count="1" type="stmt"/>
        <line num="58" count="1" type="stmt"/>
        <line num="66" count="1" type="cond" truecount="1" falsecount="1"/>
        <line num="68" count="1" type="stmt"/>
        <line num="71" count="1" type="stmt"/>
        <line num="77" count="1" type="stmt"/>
        <line num="80" count="1" type="stmt"/>
        <line num="82" count="0" type="stmt"/>
        <line num="83" count="0" type="stmt"/>
        <line num="85" count="1" type="stmt"/>
        <line num="89" count="33" type="stmt"/>
        <line num="90" count="56" type="stmt"/>
        <line num="93" count="33" type="stmt"/>
        <line num="114" count="3" type="stmt"/>
        <line num="125" count="51" type="stmt"/>
        <line num="128" count="3" type="stmt"/>
        <line num="176" count="4" type="cond" truecount="2" falsecount="0"/>
        <line num="177" count="4" type="cond" truecount="1" falsecount="1"/>
        <line num="195" count="7" type="stmt"/>
        <line num="208" count="0" type="stmt"/>
      </file>
    </package>
    <package name="store">
      <metrics statements="52" coveredstatements="27" conditionals="33" coveredconditionals="11" methods="9" coveredmethods="6"/>
      <file name="authStore.ts" path="C:\Users\devil\OneDrive\Bureau\projets\pop_placard\src\store\authStore.ts">
        <metrics statements="52" coveredstatements="27" conditionals="33" coveredconditionals="11" methods="9" coveredmethods="6"/>
        <line num="18" count="1" type="stmt"/>
        <line num="23" count="1" type="stmt"/>
        <line num="24" count="1" type="stmt"/>
        <line num="25" count="0" type="stmt"/>
        <line num="29" count="3" type="cond" truecount="1" falsecount="1"/>
        <line num="32" count="3" type="stmt"/>
        <line num="33" count="3" type="cond" truecount="1" falsecount="1"/>
        <line num="34" count="0" type="stmt"/>
        <line num="37" count="3" type="stmt"/>
        <line num="38" count="3" type="stmt"/>
        <line num="40" count="3" type="stmt"/>
        <line num="42" count="3" type="cond" truecount="2" falsecount="0"/>
        <line num="43" count="1" type="stmt"/>
        <line num="45" count="1" type="cond" truecount="2" falsecount="2"/>
        <line num="46" count="1" type="stmt"/>
        <line num="48" count="1" type="stmt"/>
        <line num="50" count="2" type="stmt"/>
        <line num="53" count="3" type="cond" truecount="2" falsecount="0"/>
        <line num="55" count="1" type="stmt"/>
        <line num="61" count="1" type="cond" truecount="3" falsecount="1"/>
        <line num="62" count="1" type="stmt"/>
        <line num="67" count="3" type="stmt"/>
        <line num="69" count="0" type="stmt"/>
        <line num="70" count="0" type="stmt"/>
        <line num="73" count="0" type="cond" truecount="0" falsecount="5"/>
        <line num="74" count="0" type="cond" truecount="0" falsecount="2"/>
        <line num="75" count="0" type="stmt"/>
        <line num="78" count="0" type="stmt"/>
        <line num="81" count="0" type="stmt"/>
        <line num="82" count="0" type="cond" truecount="0" falsecount="2"/>
        <line num="83" count="0" type="stmt"/>
        <line num="84" count="0" type="stmt"/>
        <line num="88" count="0" type="cond" truecount="0" falsecount="2"/>
        <line num="89" count="0" type="stmt"/>
        <line num="90" count="0" type="stmt"/>
        <line num="96" count="0" type="cond" truecount="0" falsecount="2"/>
        <line num="97" count="0" type="stmt"/>
        <line num="99" count="0" type="stmt"/>
        <line num="101" count="0" type="stmt"/>
        <line num="102" count="0" type="stmt"/>
        <line num="105" count="0" type="stmt"/>
        <line num="106" count="0" type="stmt"/>
        <line num="111" count="3" type="stmt"/>
        <line num="114" count="0" type="stmt"/>
        <line num="116" count="0" type="cond" truecount="0" falsecount="4"/>
        <line num="117" count="0" type="stmt"/>
        <line num="120" count="3" type="stmt"/>
        <line num="122" count="3" type="stmt"/>
        <line num="127" count="3" type="stmt"/>
        <line num="128" count="3" type="stmt"/>
        <line num="132" count="1" type="stmt"/>
        <line num="133" count="1" type="stmt"/>
      </file>
    </package>
  </project>
</coverage>
