{"C:\\Users\\devil\\OneDrive\\Bureau\\projets\\pop_placard\\src\\lib\\utils.ts": {"path":"C:\\Users\\devil\\OneDrive\\Bureau\\projets\\pop_placard\\src\\lib\\utils.ts","statementMap":{"0":{"start":{"line":5,"column":2},"end":{"line":5,"column":null}},"1":{"start":{"line":9,"column":2},"end":{"line":11,"column":null}},"2":{"start":{"line":10,"column":4},"end":{"line":10,"column":null}},"3":{"start":{"line":13,"column":18},"end":{"line":13,"column":null}},"4":{"start":{"line":14,"column":16},"end":{"line":14,"column":null}},"5":{"start":{"line":16,"column":16},"end":{"line":16,"column":null}},"6":{"start":{"line":18,"column":2},"end":{"line":20,"column":null}},"7":{"start":{"line":19,"column":4},"end":{"line":19,"column":null}},"8":{"start":{"line":22,"column":2},"end":{"line":25,"column":null}},"9":{"start":{"line":23,"column":4},"end":{"line":23,"column":null}},"10":{"start":{"line":23,"column":17},"end":{"line":23,"column":null}},"11":{"start":{"line":24,"column":4},"end":{"line":24,"column":null}},"12":{"start":{"line":27,"column":2},"end":{"line":29,"column":null}},"13":{"start":{"line":28,"column":4},"end":{"line":28,"column":null}},"14":{"start":{"line":31,"column":2},"end":{"line":31,"column":null}}},"fnMap":{"0":{"name":"cn","decl":{"start":{"line":4,"column":16},"end":{"line":4,"column":22}},"loc":{"start":{"line":4,"column":44},"end":{"line":6,"column":null}},"line":4},"1":{"name":"formatStockDisplay","decl":{"start":{"line":8,"column":16},"end":{"line":8,"column":35}},"loc":{"start":{"line":8,"column":88},"end":{"line":32,"column":null}},"line":8}},"branchMap":{"0":{"loc":{"start":{"line":9,"column":2},"end":{"line":11,"column":null}},"type":"if","locations":[{"start":{"line":9,"column":2},"end":{"line":11,"column":null}},{"start":{},"end":{}}],"line":9},"1":{"loc":{"start":{"line":9,"column":6},"end":{"line":9,"column":46}},"type":"binary-expr","locations":[{"start":{"line":9,"column":6},"end":{"line":9,"column":25}},{"start":{"line":9,"column":25},"end":{"line":9,"column":46}}],"line":9},"2":{"loc":{"start":{"line":10,"column":30},"end":{"line":10,"column":50}},"type":"cond-expr","locations":[{"start":{"line":10,"column":42},"end":{"line":10,"column":48}},{"start":{"line":10,"column":48},"end":{"line":10,"column":50}}],"line":10},"3":{"loc":{"start":{"line":18,"column":2},"end":{"line":20,"column":null}},"type":"if","locations":[{"start":{"line":18,"column":2},"end":{"line":20,"column":null}},{"start":{},"end":{}}],"line":18},"4":{"loc":{"start":{"line":19,"column":35},"end":{"line":19,"column":57}},"type":"cond-expr","locations":[{"start":{"line":19,"column":49},"end":{"line":19,"column":55}},{"start":{"line":19,"column":55},"end":{"line":19,"column":57}}],"line":19},"5":{"loc":{"start":{"line":22,"column":2},"end":{"line":25,"column":null}},"type":"if","locations":[{"start":{"line":22,"column":2},"end":{"line":25,"column":null}},{"start":{},"end":{}}],"line":22},"6":{"loc":{"start":{"line":23,"column":4},"end":{"line":23,"column":null}},"type":"if","locations":[{"start":{"line":23,"column":4},"end":{"line":23,"column":null}},{"start":{},"end":{}}],"line":23},"7":{"loc":{"start":{"line":24,"column":34},"end":{"line":24,"column":54}},"type":"cond-expr","locations":[{"start":{"line":24,"column":46},"end":{"line":24,"column":52}},{"start":{"line":24,"column":52},"end":{"line":24,"column":54}}],"line":24},"8":{"loc":{"start":{"line":27,"column":2},"end":{"line":29,"column":null}},"type":"if","locations":[{"start":{"line":27,"column":2},"end":{"line":29,"column":null}},{"start":{},"end":{}}],"line":27},"9":{"loc":{"start":{"line":31,"column":40},"end":{"line":31,"column":60}},"type":"cond-expr","locations":[{"start":{"line":31,"column":52},"end":{"line":31,"column":58}},{"start":{"line":31,"column":58},"end":{"line":31,"column":60}}],"line":31}},"s":{"0":3,"1":152,"2":3,"3":149,"4":149,"5":149,"6":149,"7":147,"8":149,"9":32,"10":31,"11":32,"12":149,"13":1,"14":149},"f":{"0":3,"1":152},"b":{"0":[3,149],"1":[152,150],"2":[2,1],"3":[147,2],"4":[147,0],"5":[32,117],"6":[31,1],"7":[31,1],"8":[1,148],"9":[148,1]},"meta":{"lastBranch":10,"lastFunction":2,"lastStatement":15,"seen":{"f:4:16:4:22":0,"s:5:2:5:Infinity":0,"f:8:16:8:35":1,"b:9:2:11:Infinity:undefined:undefined:undefined:undefined":0,"s:9:2:11:Infinity":1,"b:9:6:9:25:9:25:9:46":1,"s:10:4:10:Infinity":2,"b:10:42:10:48:10:48:10:50":2,"s:13:18:13:Infinity":3,"s:14:16:14:Infinity":4,"s:16:16:16:Infinity":5,"b:18:2:20:Infinity:undefined:undefined:undefined:undefined":3,"s:18:2:20:Infinity":6,"s:19:4:19:Infinity":7,"b:19:49:19:55:19:55:19:57":4,"b:22:2:25:Infinity:undefined:undefined:undefined:undefined":5,"s:22:2:25:Infinity":8,"b:23:4:23:Infinity:undefined:undefined:undefined:undefined":6,"s:23:4:23:Infinity":9,"s:23:17:23:Infinity":10,"s:24:4:24:Infinity":11,"b:24:46:24:52:24:52:24:54":7,"b:27:2:29:Infinity:undefined:undefined:undefined:undefined":8,"s:27:2:29:Infinity":12,"s:28:4:28:Infinity":13,"s:31:2:31:Infinity":14,"b:31:52:31:58:31:58:31:60":9}}}
,"C:\\Users\\devil\\OneDrive\\Bureau\\projets\\pop_placard\\src\\pages\\StockDistribution.tsx": {"path":"C:\\Users\\devil\\OneDrive\\Bureau\\projets\\pop_placard\\src\\pages\\StockDistribution.tsx","statementMap":{"0":{"start":{"line":8,"column":26},"end":{"line":250,"column":null}},"1":{"start":{"line":9,"column":19},"end":{"line":9,"column":null}},"2":{"start":{"line":10,"column":30},"end":{"line":10,"column":null}},"3":{"start":{"line":11,"column":28},"end":{"line":11,"column":null}},"4":{"start":{"line":12,"column":34},"end":{"line":12,"column":null}},"5":{"start":{"line":13,"column":34},"end":{"line":13,"column":null}},"6":{"start":{"line":15,"column":30},"end":{"line":20,"column":null}},"7":{"start":{"line":22,"column":26},"end":{"line":22,"column":null}},"8":{"start":{"line":22,"column":45},"end":{"line":22,"column":73}},"9":{"start":{"line":23,"column":25},"end":{"line":23,"column":null}},"10":{"start":{"line":24,"column":30},"end":{"line":24,"column":null}},"11":{"start":{"line":26,"column":2},"end":{"line":28,"column":null}},"12":{"start":{"line":27,"column":4},"end":{"line":27,"column":null}},"13":{"start":{"line":30,"column":24},"end":{"line":48,"column":null}},"14":{"start":{"line":31,"column":4},"end":{"line":47,"column":null}},"15":{"start":{"line":32,"column":6},"end":{"line":32,"column":null}},"16":{"start":{"line":33,"column":30},"end":{"line":38,"column":null}},"17":{"start":{"line":40,"column":6},"end":{"line":40,"column":null}},"18":{"start":{"line":40,"column":17},"end":{"line":40,"column":null}},"19":{"start":{"line":41,"column":6},"end":{"line":41,"column":null}},"20":{"start":{"line":43,"column":6},"end":{"line":43,"column":null}},"21":{"start":{"line":44,"column":6},"end":{"line":44,"column":null}},"22":{"start":{"line":46,"column":6},"end":{"line":46,"column":null}},"23":{"start":{"line":50,"column":30},"end":{"line":52,"column":null}},"24":{"start":{"line":51,"column":4},"end":{"line":51,"column":null}},"25":{"start":{"line":51,"column":25},"end":{"line":51,"column":53}},"26":{"start":{"line":54,"column":23},"end":{"line":91,"column":null}},"27":{"start":{"line":55,"column":4},"end":{"line":55,"column":null}},"28":{"start":{"line":56,"column":4},"end":{"line":56,"column":null}},"29":{"start":{"line":56,"column":53},"end":{"line":56,"column":null}},"30":{"start":{"line":58,"column":4},"end":{"line":90,"column":null}},"31":{"start":{"line":59,"column":6},"end":{"line":59,"column":null}},"32":{"start":{"line":62,"column":24},"end":{"line":68,"column":null}},"33":{"start":{"line":70,"column":6},"end":{"line":70,"column":null}},"34":{"start":{"line":70,"column":17},"end":{"line":70,"column":null}},"35":{"start":{"line":72,"column":6},"end":{"line":72,"column":null}},"36":{"start":{"line":75,"column":6},"end":{"line":80,"column":null}},"37":{"start":{"line":81,"column":6},"end":{"line":81,"column":null}},"38":{"start":{"line":84,"column":6},"end":{"line":84,"column":null}},"39":{"start":{"line":86,"column":6},"end":{"line":86,"column":null}},"40":{"start":{"line":87,"column":6},"end":{"line":87,"column":null}},"41":{"start":{"line":89,"column":6},"end":{"line":89,"column":null}},"42":{"start":{"line":93,"column":27},"end":{"line":95,"column":null}},"43":{"start":{"line":94,"column":4},"end":{"line":94,"column":null}},"44":{"start":{"line":97,"column":2},"end":{"line":248,"column":null}},"45":{"start":{"line":118,"column":31},"end":{"line":118,"column":null}},"46":{"start":{"line":129,"column":16},"end":{"line":146,"column":null}},"47":{"start":{"line":132,"column":33},"end":{"line":132,"column":null}},"48":{"start":{"line":192,"column":37},"end":{"line":192,"column":null}},"49":{"start":{"line":192,"column":58},"end":{"line":192,"column":111}},"50":{"start":{"line":217,"column":35},"end":{"line":217,"column":null}},"51":{"start":{"line":217,"column":56},"end":{"line":217,"column":103}},"52":{"start":{"line":230,"column":35},"end":{"line":230,"column":null}},"53":{"start":{"line":230,"column":56},"end":{"line":230,"column":91}}},"fnMap":{"0":{"name":"(anonymous_0)","decl":{"start":{"line":8,"column":26},"end":{"line":8,"column":32}},"loc":{"start":{"line":8,"column":32},"end":{"line":250,"column":null}},"line":8},"1":{"name":"(anonymous_1)","decl":{"start":{"line":22,"column":40},"end":{"line":22,"column":45}},"loc":{"start":{"line":22,"column":45},"end":{"line":22,"column":73}},"line":22},"2":{"name":"(anonymous_2)","decl":{"start":{"line":26,"column":12},"end":{"line":26,"column":18}},"loc":{"start":{"line":26,"column":18},"end":{"line":28,"column":5}},"line":26},"3":{"name":"(anonymous_3)","decl":{"start":{"line":30,"column":24},"end":{"line":30,"column":36}},"loc":{"start":{"line":30,"column":36},"end":{"line":48,"column":null}},"line":30},"4":{"name":"(anonymous_4)","decl":{"start":{"line":50,"column":30},"end":{"line":50,"column":31}},"loc":{"start":{"line":50,"column":46},"end":{"line":52,"column":null}},"line":50},"5":{"name":"(anonymous_5)","decl":{"start":{"line":51,"column":16},"end":{"line":51,"column":25}},"loc":{"start":{"line":51,"column":25},"end":{"line":51,"column":53}},"line":51},"6":{"name":"(anonymous_6)","decl":{"start":{"line":54,"column":23},"end":{"line":54,"column":30}},"loc":{"start":{"line":54,"column":53},"end":{"line":91,"column":null}},"line":54},"7":{"name":"(anonymous_7)","decl":{"start":{"line":93,"column":43},"end":{"line":93,"column":null}},"loc":{"start":{"line":94,"column":4},"end":{"line":94,"column":null}},"line":94},"8":{"name":"(anonymous_8)","decl":{"start":{"line":118,"column":24},"end":{"line":118,"column":25}},"loc":{"start":{"line":118,"column":31},"end":{"line":118,"column":null}},"line":118},"9":{"name":"(anonymous_9)","decl":{"start":{"line":128,"column":35},"end":{"line":128,"column":36}},"loc":{"start":{"line":129,"column":16},"end":{"line":146,"column":null}},"line":129},"10":{"name":"(anonymous_10)","decl":{"start":{"line":132,"column":27},"end":{"line":132,"column":33}},"loc":{"start":{"line":132,"column":33},"end":{"line":132,"column":null}},"line":132},"11":{"name":"(anonymous_11)","decl":{"start":{"line":192,"column":30},"end":{"line":192,"column":31}},"loc":{"start":{"line":192,"column":37},"end":{"line":192,"column":null}},"line":192},"12":{"name":"(anonymous_12)","decl":{"start":{"line":192,"column":49},"end":{"line":192,"column":58}},"loc":{"start":{"line":192,"column":58},"end":{"line":192,"column":111}},"line":192},"13":{"name":"(anonymous_13)","decl":{"start":{"line":217,"column":28},"end":{"line":217,"column":29}},"loc":{"start":{"line":217,"column":35},"end":{"line":217,"column":null}},"line":217},"14":{"name":"(anonymous_14)","decl":{"start":{"line":217,"column":47},"end":{"line":217,"column":56}},"loc":{"start":{"line":217,"column":56},"end":{"line":217,"column":103}},"line":217},"15":{"name":"(anonymous_15)","decl":{"start":{"line":230,"column":28},"end":{"line":230,"column":29}},"loc":{"start":{"line":230,"column":35},"end":{"line":230,"column":null}},"line":230},"16":{"name":"(anonymous_16)","decl":{"start":{"line":230,"column":47},"end":{"line":230,"column":56}},"loc":{"start":{"line":230,"column":56},"end":{"line":230,"column":91}},"line":230}},"branchMap":{"0":{"loc":{"start":{"line":23,"column":25},"end":{"line":23,"column":null}},"type":"cond-expr","locations":[{"start":{"line":23,"column":43},"end":{"line":23,"column":95}},{"start":{"line":23,"column":95},"end":{"line":23,"column":null}}],"line":23},"1":{"loc":{"start":{"line":40,"column":6},"end":{"line":40,"column":null}},"type":"if","locations":[{"start":{"line":40,"column":6},"end":{"line":40,"column":null}},{"start":{},"end":{}}],"line":40},"2":{"loc":{"start":{"line":41,"column":18},"end":{"line":41,"column":28}},"type":"binary-expr","locations":[{"start":{"line":41,"column":18},"end":{"line":41,"column":26}},{"start":{"line":41,"column":26},"end":{"line":41,"column":28}}],"line":41},"3":{"loc":{"start":{"line":56,"column":4},"end":{"line":56,"column":null}},"type":"if","locations":[{"start":{"line":56,"column":4},"end":{"line":56,"column":null}},{"start":{},"end":{}}],"line":56},"4":{"loc":{"start":{"line":56,"column":8},"end":{"line":56,"column":53}},"type":"binary-expr","locations":[{"start":{"line":56,"column":8},"end":{"line":56,"column":32}},{"start":{"line":56,"column":32},"end":{"line":56,"column":53}}],"line":56},"5":{"loc":{"start":{"line":67,"column":17},"end":{"line":67,"column":null}},"type":"binary-expr","locations":[{"start":{"line":67,"column":17},"end":{"line":67,"column":35}},{"start":{"line":67,"column":35},"end":{"line":67,"column":null}}],"line":67},"6":{"loc":{"start":{"line":70,"column":6},"end":{"line":70,"column":null}},"type":"if","locations":[{"start":{"line":70,"column":6},"end":{"line":70,"column":null}},{"start":{},"end":{}}],"line":70},"7":{"loc":{"start":{"line":123,"column":13},"end":{"line":147,"column":null}},"type":"cond-expr","locations":[{"start":{"line":124,"column":14},"end":{"line":124,"column":null}},{"start":{"line":125,"column":16},"end":{"line":147,"column":null}}],"line":123},"8":{"loc":{"start":{"line":125,"column":16},"end":{"line":147,"column":null}},"type":"cond-expr","locations":[{"start":{"line":126,"column":14},"end":{"line":126,"column":null}},{"start":{"line":128,"column":14},"end":{"line":147,"column":null}}],"line":125},"9":{"loc":{"start":{"line":134,"column":20},"end":{"line":134,"column":null}},"type":"cond-expr","locations":[{"start":{"line":134,"column":57},"end":{"line":134,"column":97}},{"start":{"line":134,"column":97},"end":{"line":134,"column":null}}],"line":134},"10":{"loc":{"start":{"line":159,"column":11},"end":{"line":244,"column":null}},"type":"cond-expr","locations":[{"start":{"line":160,"column":12},"end":{"line":163,"column":null}},{"start":{"line":165,"column":12},"end":{"line":244,"column":null}}],"line":159},"11":{"loc":{"start":{"line":192,"column":79},"end":{"line":192,"column":109}},"type":"binary-expr","locations":[{"start":{"line":192,"column":79},"end":{"line":192,"column":107}},{"start":{"line":192,"column":107},"end":{"line":192,"column":109}}],"line":192},"12":{"loc":{"start":{"line":195,"column":17},"end":{"line":203,"column":null}},"type":"cond-expr","locations":[{"start":{"line":196,"column":18},"end":{"line":199,"column":null}},{"start":{"line":201,"column":18},"end":{"line":203,"column":null}}],"line":195},"13":{"loc":{"start":{"line":236,"column":26},"end":{"line":236,"column":null}},"type":"binary-expr","locations":[{"start":{"line":236,"column":26},"end":{"line":236,"column":40}},{"start":{"line":236,"column":40},"end":{"line":236,"column":null}}],"line":236},"14":{"loc":{"start":{"line":238,"column":19},"end":{"line":238,"column":null}},"type":"cond-expr","locations":[{"start":{"line":238,"column":56},"end":{"line":238,"column":90}},{"start":{"line":238,"column":90},"end":{"line":238,"column":null}}],"line":238},"15":{"loc":{"start":{"line":238,"column":19},"end":{"line":238,"column":56}},"type":"binary-expr","locations":[{"start":{"line":238,"column":19},"end":{"line":238,"column":33}},{"start":{"line":238,"column":33},"end":{"line":238,"column":56}}],"line":238},"16":{"loc":{"start":{"line":242,"column":17},"end":{"line":242,"column":null}},"type":"cond-expr","locations":[{"start":{"line":242,"column":30},"end":{"line":242,"column":52}},{"start":{"line":242,"column":52},"end":{"line":242,"column":null}}],"line":242}},"s":{"0":1,"1":42,"2":42,"3":42,"4":42,"5":42,"6":42,"7":42,"8":44,"9":42,"10":42,"11":42,"12":3,"13":42,"14":4,"15":4,"16":4,"17":4,"18":0,"19":4,"20":0,"21":0,"22":4,"23":42,"24":2,"25":2,"26":42,"27":1,"28":1,"29":0,"30":1,"31":1,"32":1,"33":1,"34":0,"35":1,"36":1,"37":1,"38":1,"39":0,"40":0,"41":1,"42":42,"43":78,"44":42,"45":0,"46":76,"47":2,"48":8,"49":8,"50":0,"51":0,"52":22,"53":22},"f":{"0":42,"1":44,"2":3,"3":4,"4":2,"5":2,"6":1,"7":78,"8":0,"9":76,"10":2,"11":8,"12":8,"13":0,"14":0,"15":22,"16":22},"b":{"0":[34,8],"1":[0,4],"2":[4,0],"3":[0,1],"4":[1,1],"5":[1,0],"6":[0,1],"7":[4,38],"8":[0,38],"9":[34,42],"10":[8,34],"11":[8,3],"12":[1,33],"13":[34,33],"14":[2,32],"15":[34,33],"16":[1,33]},"meta":{"lastBranch":17,"lastFunction":17,"lastStatement":54,"seen":{"s:8:26:250:Infinity":0,"f:8:26:8:32":0,"s:9:19:9:Infinity":1,"s:10:30:10:Infinity":2,"s:11:28:11:Infinity":3,"s:12:34:12:Infinity":4,"s:13:34:13:Infinity":5,"s:15:30:20:Infinity":6,"s:22:26:22:Infinity":7,"f:22:40:22:45":1,"s:22:45:22:73":8,"s:23:25:23:Infinity":9,"b:23:43:23:95:23:95:23:Infinity":0,"s:24:30:24:Infinity":10,"s:26:2:28:Infinity":11,"f:26:12:26:18":2,"s:27:4:27:Infinity":12,"s:30:24:48:Infinity":13,"f:30:24:30:36":3,"s:31:4:47:Infinity":14,"s:32:6:32:Infinity":15,"s:33:30:38:Infinity":16,"b:40:6:40:Infinity:undefined:undefined:undefined:undefined":1,"s:40:6:40:Infinity":17,"s:40:17:40:Infinity":18,"s:41:6:41:Infinity":19,"b:41:18:41:26:41:26:41:28":2,"s:43:6:43:Infinity":20,"s:44:6:44:Infinity":21,"s:46:6:46:Infinity":22,"s:50:30:52:Infinity":23,"f:50:30:50:31":4,"s:51:4:51:Infinity":24,"f:51:16:51:25":5,"s:51:25:51:53":25,"s:54:23:91:Infinity":26,"f:54:23:54:30":6,"s:55:4:55:Infinity":27,"b:56:4:56:Infinity:undefined:undefined:undefined:undefined":3,"s:56:4:56:Infinity":28,"b:56:8:56:32:56:32:56:53":4,"s:56:53:56:Infinity":29,"s:58:4:90:Infinity":30,"s:59:6:59:Infinity":31,"s:62:24:68:Infinity":32,"b:67:17:67:35:67:35:67:Infinity":5,"b:70:6:70:Infinity:undefined:undefined:undefined:undefined":6,"s:70:6:70:Infinity":33,"s:70:17:70:Infinity":34,"s:72:6:72:Infinity":35,"s:75:6:80:Infinity":36,"s:81:6:81:Infinity":37,"s:84:6:84:Infinity":38,"s:86:6:86:Infinity":39,"s:87:6:87:Infinity":40,"s:89:6:89:Infinity":41,"s:93:27:95:Infinity":42,"f:93:43:93:Infinity":7,"s:94:4:94:Infinity":43,"s:97:2:248:Infinity":44,"f:118:24:118:25":8,"s:118:31:118:Infinity":45,"b:124:14:124:Infinity:125:16:147:Infinity":7,"b:126:14:126:Infinity:128:14:147:Infinity":8,"f:128:35:128:36":9,"s:129:16:146:Infinity":46,"f:132:27:132:33":10,"s:132:33:132:Infinity":47,"b:134:57:134:97:134:97:134:Infinity":9,"b:160:12:163:Infinity:165:12:244:Infinity":10,"f:192:30:192:31":11,"s:192:37:192:Infinity":48,"f:192:49:192:58":12,"s:192:58:192:111":49,"b:192:79:192:107:192:107:192:109":11,"b:196:18:199:Infinity:201:18:203:Infinity":12,"f:217:28:217:29":13,"s:217:35:217:Infinity":50,"f:217:47:217:56":14,"s:217:56:217:103":51,"f:230:28:230:29":15,"s:230:35:230:Infinity":52,"f:230:47:230:56":16,"s:230:56:230:91":53,"b:236:26:236:40:236:40:236:Infinity":13,"b:238:56:238:90:238:90:238:Infinity":14,"b:238:19:238:33:238:33:238:56":15,"b:242:30:242:52:242:52:242:Infinity":16}}}
,"C:\\Users\\devil\\OneDrive\\Bureau\\projets\\pop_placard\\src\\pages\\StockEntry.tsx": {"path":"C:\\Users\\devil\\OneDrive\\Bureau\\projets\\pop_placard\\src\\pages\\StockEntry.tsx","statementMap":{"0":{"start":{"line":7,"column":19},"end":{"line":228,"column":null}},"1":{"start":{"line":8,"column":19},"end":{"line":8,"column":null}},"2":{"start":{"line":9,"column":30},"end":{"line":9,"column":null}},"3":{"start":{"line":10,"column":28},"end":{"line":10,"column":null}},"4":{"start":{"line":11,"column":34},"end":{"line":11,"column":null}},"5":{"start":{"line":12,"column":34},"end":{"line":12,"column":null}},"6":{"start":{"line":14,"column":30},"end":{"line":19,"column":null}},"7":{"start":{"line":21,"column":26},"end":{"line":21,"column":null}},"8":{"start":{"line":21,"column":45},"end":{"line":21,"column":73}},"9":{"start":{"line":22,"column":21},"end":{"line":22,"column":null}},"10":{"start":{"line":24,"column":2},"end":{"line":26,"column":null}},"11":{"start":{"line":25,"column":4},"end":{"line":25,"column":null}},"12":{"start":{"line":28,"column":24},"end":{"line":44,"column":null}},"13":{"start":{"line":29,"column":4},"end":{"line":43,"column":null}},"14":{"start":{"line":30,"column":6},"end":{"line":30,"column":null}},"15":{"start":{"line":31,"column":30},"end":{"line":35,"column":null}},"16":{"start":{"line":37,"column":6},"end":{"line":37,"column":null}},"17":{"start":{"line":37,"column":17},"end":{"line":37,"column":null}},"18":{"start":{"line":38,"column":6},"end":{"line":38,"column":null}},"19":{"start":{"line":40,"column":6},"end":{"line":40,"column":null}},"20":{"start":{"line":42,"column":6},"end":{"line":42,"column":null}},"21":{"start":{"line":46,"column":30},"end":{"line":48,"column":null}},"22":{"start":{"line":47,"column":4},"end":{"line":47,"column":null}},"23":{"start":{"line":47,"column":25},"end":{"line":47,"column":53}},"24":{"start":{"line":50,"column":23},"end":{"line":87,"column":null}},"25":{"start":{"line":51,"column":4},"end":{"line":51,"column":null}},"26":{"start":{"line":52,"column":4},"end":{"line":52,"column":null}},"27":{"start":{"line":52,"column":30},"end":{"line":52,"column":null}},"28":{"start":{"line":54,"column":4},"end":{"line":86,"column":null}},"29":{"start":{"line":55,"column":6},"end":{"line":55,"column":null}},"30":{"start":{"line":58,"column":24},"end":{"line":64,"column":null}},"31":{"start":{"line":66,"column":6},"end":{"line":66,"column":null}},"32":{"start":{"line":66,"column":17},"end":{"line":66,"column":null}},"33":{"start":{"line":68,"column":6},"end":{"line":68,"column":null}},"34":{"start":{"line":71,"column":6},"end":{"line":76,"column":null}},"35":{"start":{"line":77,"column":6},"end":{"line":77,"column":null}},"36":{"start":{"line":80,"column":6},"end":{"line":80,"column":null}},"37":{"start":{"line":82,"column":6},"end":{"line":82,"column":null}},"38":{"start":{"line":83,"column":6},"end":{"line":83,"column":null}},"39":{"start":{"line":85,"column":6},"end":{"line":85,"column":null}},"40":{"start":{"line":89,"column":27},"end":{"line":91,"column":null}},"41":{"start":{"line":90,"column":4},"end":{"line":90,"column":null}},"42":{"start":{"line":93,"column":2},"end":{"line":226,"column":null}},"43":{"start":{"line":114,"column":31},"end":{"line":114,"column":null}},"44":{"start":{"line":125,"column":16},"end":{"line":138,"column":null}},"45":{"start":{"line":128,"column":33},"end":{"line":128,"column":null}},"46":{"start":{"line":176,"column":34},"end":{"line":176,"column":null}},"47":{"start":{"line":177,"column":22},"end":{"line":177,"column":null}},"48":{"start":{"line":177,"column":43},"end":{"line":177,"column":86}},"49":{"start":{"line":195,"column":35},"end":{"line":195,"column":null}},"50":{"start":{"line":195,"column":56},"end":{"line":195,"column":95}},"51":{"start":{"line":208,"column":35},"end":{"line":208,"column":null}},"52":{"start":{"line":208,"column":56},"end":{"line":208,"column":91}}},"fnMap":{"0":{"name":"(anonymous_0)","decl":{"start":{"line":7,"column":19},"end":{"line":7,"column":25}},"loc":{"start":{"line":7,"column":25},"end":{"line":228,"column":null}},"line":7},"1":{"name":"(anonymous_1)","decl":{"start":{"line":21,"column":40},"end":{"line":21,"column":45}},"loc":{"start":{"line":21,"column":45},"end":{"line":21,"column":73}},"line":21},"2":{"name":"(anonymous_2)","decl":{"start":{"line":24,"column":12},"end":{"line":24,"column":18}},"loc":{"start":{"line":24,"column":18},"end":{"line":26,"column":5}},"line":24},"3":{"name":"(anonymous_3)","decl":{"start":{"line":28,"column":24},"end":{"line":28,"column":36}},"loc":{"start":{"line":28,"column":36},"end":{"line":44,"column":null}},"line":28},"4":{"name":"(anonymous_4)","decl":{"start":{"line":46,"column":30},"end":{"line":46,"column":31}},"loc":{"start":{"line":46,"column":46},"end":{"line":48,"column":null}},"line":46},"5":{"name":"(anonymous_5)","decl":{"start":{"line":47,"column":16},"end":{"line":47,"column":25}},"loc":{"start":{"line":47,"column":25},"end":{"line":47,"column":53}},"line":47},"6":{"name":"(anonymous_6)","decl":{"start":{"line":50,"column":23},"end":{"line":50,"column":30}},"loc":{"start":{"line":50,"column":53},"end":{"line":87,"column":null}},"line":50},"7":{"name":"(anonymous_7)","decl":{"start":{"line":89,"column":43},"end":{"line":89,"column":null}},"loc":{"start":{"line":90,"column":4},"end":{"line":90,"column":null}},"line":90},"8":{"name":"(anonymous_8)","decl":{"start":{"line":114,"column":24},"end":{"line":114,"column":25}},"loc":{"start":{"line":114,"column":31},"end":{"line":114,"column":null}},"line":114},"9":{"name":"(anonymous_9)","decl":{"start":{"line":124,"column":35},"end":{"line":124,"column":36}},"loc":{"start":{"line":125,"column":16},"end":{"line":138,"column":null}},"line":125},"10":{"name":"(anonymous_10)","decl":{"start":{"line":128,"column":27},"end":{"line":128,"column":33}},"loc":{"start":{"line":128,"column":33},"end":{"line":128,"column":null}},"line":128},"11":{"name":"(anonymous_11)","decl":{"start":{"line":175,"column":30},"end":{"line":175,"column":31}},"loc":{"start":{"line":175,"column":37},"end":{"line":178,"column":null}},"line":175},"12":{"name":"(anonymous_12)","decl":{"start":{"line":177,"column":34},"end":{"line":177,"column":43}},"loc":{"start":{"line":177,"column":43},"end":{"line":177,"column":86}},"line":177},"13":{"name":"(anonymous_13)","decl":{"start":{"line":195,"column":28},"end":{"line":195,"column":29}},"loc":{"start":{"line":195,"column":35},"end":{"line":195,"column":null}},"line":195},"14":{"name":"(anonymous_14)","decl":{"start":{"line":195,"column":47},"end":{"line":195,"column":56}},"loc":{"start":{"line":195,"column":56},"end":{"line":195,"column":95}},"line":195},"15":{"name":"(anonymous_15)","decl":{"start":{"line":208,"column":28},"end":{"line":208,"column":29}},"loc":{"start":{"line":208,"column":35},"end":{"line":208,"column":null}},"line":208},"16":{"name":"(anonymous_16)","decl":{"start":{"line":208,"column":47},"end":{"line":208,"column":56}},"loc":{"start":{"line":208,"column":56},"end":{"line":208,"column":91}},"line":208}},"branchMap":{"0":{"loc":{"start":{"line":22,"column":21},"end":{"line":22,"column":null}},"type":"cond-expr","locations":[{"start":{"line":22,"column":21},"end":{"line":22,"column":100}},{"start":{"line":22,"column":100},"end":{"line":22,"column":null}}],"line":22},"1":{"loc":{"start":{"line":22,"column":40},"end":{"line":22,"column":65}},"type":"binary-expr","locations":[{"start":{"line":22,"column":40},"end":{"line":22,"column":60}},{"start":{"line":22,"column":60},"end":{"line":22,"column":65}}],"line":22},"2":{"loc":{"start":{"line":37,"column":6},"end":{"line":37,"column":null}},"type":"if","locations":[{"start":{"line":37,"column":6},"end":{"line":37,"column":null}},{"start":{},"end":{}}],"line":37},"3":{"loc":{"start":{"line":38,"column":18},"end":{"line":38,"column":28}},"type":"binary-expr","locations":[{"start":{"line":38,"column":18},"end":{"line":38,"column":26}},{"start":{"line":38,"column":26},"end":{"line":38,"column":28}}],"line":38},"4":{"loc":{"start":{"line":52,"column":4},"end":{"line":52,"column":null}},"type":"if","locations":[{"start":{"line":52,"column":4},"end":{"line":52,"column":null}},{"start":{},"end":{}}],"line":52},"5":{"loc":{"start":{"line":62,"column":21},"end":{"line":62,"column":null}},"type":"binary-expr","locations":[{"start":{"line":62,"column":21},"end":{"line":62,"column":43}},{"start":{"line":62,"column":43},"end":{"line":62,"column":null}}],"line":62},"6":{"loc":{"start":{"line":63,"column":17},"end":{"line":63,"column":null}},"type":"binary-expr","locations":[{"start":{"line":63,"column":17},"end":{"line":63,"column":35}},{"start":{"line":63,"column":35},"end":{"line":63,"column":null}}],"line":63},"7":{"loc":{"start":{"line":66,"column":6},"end":{"line":66,"column":null}},"type":"if","locations":[{"start":{"line":66,"column":6},"end":{"line":66,"column":null}},{"start":{},"end":{}}],"line":66},"8":{"loc":{"start":{"line":119,"column":13},"end":{"line":139,"column":null}},"type":"cond-expr","locations":[{"start":{"line":120,"column":14},"end":{"line":120,"column":null}},{"start":{"line":121,"column":16},"end":{"line":139,"column":null}}],"line":119},"9":{"loc":{"start":{"line":121,"column":16},"end":{"line":139,"column":null}},"type":"cond-expr","locations":[{"start":{"line":122,"column":14},"end":{"line":122,"column":null}},{"start":{"line":124,"column":14},"end":{"line":139,"column":null}}],"line":121},"10":{"loc":{"start":{"line":130,"column":20},"end":{"line":130,"column":null}},"type":"cond-expr","locations":[{"start":{"line":130,"column":57},"end":{"line":130,"column":97}},{"start":{"line":130,"column":97},"end":{"line":130,"column":null}}],"line":130},"11":{"loc":{"start":{"line":151,"column":11},"end":{"line":222,"column":null}},"type":"cond-expr","locations":[{"start":{"line":152,"column":12},"end":{"line":155,"column":null}},{"start":{"line":157,"column":12},"end":{"line":222,"column":null}}],"line":151},"12":{"loc":{"start":{"line":174,"column":27},"end":{"line":174,"column":null}},"type":"cond-expr","locations":[{"start":{"line":174,"column":52},"end":{"line":174,"column":57}},{"start":{"line":174,"column":57},"end":{"line":174,"column":null}}],"line":174},"13":{"loc":{"start":{"line":176,"column":34},"end":{"line":176,"column":null}},"type":"cond-expr","locations":[{"start":{"line":176,"column":58},"end":{"line":176,"column":62}},{"start":{"line":176,"column":62},"end":{"line":176,"column":null}}],"line":176},"14":{"loc":{"start":{"line":177,"column":63},"end":{"line":177,"column":84}},"type":"cond-expr","locations":[{"start":{"line":177,"column":76},"end":{"line":177,"column":80}},{"start":{"line":177,"column":80},"end":{"line":177,"column":84}}],"line":177},"15":{"loc":{"start":{"line":216,"column":18},"end":{"line":216,"column":null}},"type":"cond-expr","locations":[{"start":{"line":216,"column":31},"end":{"line":216,"column":65}},{"start":{"line":216,"column":65},"end":{"line":216,"column":null}}],"line":216},"16":{"loc":{"start":{"line":220,"column":17},"end":{"line":220,"column":null}},"type":"cond-expr","locations":[{"start":{"line":220,"column":30},"end":{"line":220,"column":52}},{"start":{"line":220,"column":52},"end":{"line":220,"column":null}}],"line":220}},"s":{"0":1,"1":33,"2":33,"3":33,"4":33,"5":33,"6":33,"7":33,"8":39,"9":33,"10":33,"11":5,"12":33,"13":6,"14":6,"15":6,"16":6,"17":0,"18":6,"19":0,"20":6,"21":33,"22":3,"23":3,"24":33,"25":1,"26":1,"27":0,"28":1,"29":1,"30":1,"31":1,"32":0,"33":1,"34":1,"35":1,"36":1,"37":0,"38":0,"39":1,"40":33,"41":56,"42":33,"43":3,"44":51,"45":3,"46":4,"47":4,"48":4,"49":7,"50":7,"51":0,"52":0},"f":{"0":33,"1":39,"2":5,"3":6,"4":3,"5":3,"6":1,"7":56,"8":3,"9":51,"10":3,"11":4,"12":4,"13":7,"14":7,"15":0,"16":0},"b":{"0":[17,16],"1":[17,2],"2":[0,6],"3":[6,0],"4":[0,1],"5":[1,0],"6":[1,1],"7":[0,1],"8":[6,27],"9":[0,27],"10":[17,34],"11":[16,17],"12":[2,15],"13":[2,2],"14":[0,4],"15":[1,16],"16":[1,16]},"meta":{"lastBranch":17,"lastFunction":17,"lastStatement":53,"seen":{"s:7:19:228:Infinity":0,"f:7:19:7:25":0,"s:8:19:8:Infinity":1,"s:9:30:9:Infinity":2,"s:10:28:10:Infinity":3,"s:11:34:11:Infinity":4,"s:12:34:12:Infinity":5,"s:14:30:19:Infinity":6,"s:21:26:21:Infinity":7,"f:21:40:21:45":1,"s:21:45:21:73":8,"s:22:21:22:Infinity":9,"b:22:21:22:100:22:100:22:Infinity":0,"b:22:40:22:60:22:60:22:65":1,"s:24:2:26:Infinity":10,"f:24:12:24:18":2,"s:25:4:25:Infinity":11,"s:28:24:44:Infinity":12,"f:28:24:28:36":3,"s:29:4:43:Infinity":13,"s:30:6:30:Infinity":14,"s:31:30:35:Infinity":15,"b:37:6:37:Infinity:undefined:undefined:undefined:undefined":2,"s:37:6:37:Infinity":16,"s:37:17:37:Infinity":17,"s:38:6:38:Infinity":18,"b:38:18:38:26:38:26:38:28":3,"s:40:6:40:Infinity":19,"s:42:6:42:Infinity":20,"s:46:30:48:Infinity":21,"f:46:30:46:31":4,"s:47:4:47:Infinity":22,"f:47:16:47:25":5,"s:47:25:47:53":23,"s:50:23:87:Infinity":24,"f:50:23:50:30":6,"s:51:4:51:Infinity":25,"b:52:4:52:Infinity:undefined:undefined:undefined:undefined":4,"s:52:4:52:Infinity":26,"s:52:30:52:Infinity":27,"s:54:4:86:Infinity":28,"s:55:6:55:Infinity":29,"s:58:24:64:Infinity":30,"b:62:21:62:43:62:43:62:Infinity":5,"b:63:17:63:35:63:35:63:Infinity":6,"b:66:6:66:Infinity:undefined:undefined:undefined:undefined":7,"s:66:6:66:Infinity":31,"s:66:17:66:Infinity":32,"s:68:6:68:Infinity":33,"s:71:6:76:Infinity":34,"s:77:6:77:Infinity":35,"s:80:6:80:Infinity":36,"s:82:6:82:Infinity":37,"s:83:6:83:Infinity":38,"s:85:6:85:Infinity":39,"s:89:27:91:Infinity":40,"f:89:43:89:Infinity":7,"s:90:4:90:Infinity":41,"s:93:2:226:Infinity":42,"f:114:24:114:25":8,"s:114:31:114:Infinity":43,"b:120:14:120:Infinity:121:16:139:Infinity":8,"b:122:14:122:Infinity:124:14:139:Infinity":9,"f:124:35:124:36":9,"s:125:16:138:Infinity":44,"f:128:27:128:33":10,"s:128:33:128:Infinity":45,"b:130:57:130:97:130:97:130:Infinity":10,"b:152:12:155:Infinity:157:12:222:Infinity":11,"b:174:52:174:57:174:57:174:Infinity":12,"f:175:30:175:31":11,"s:176:34:176:Infinity":46,"b:176:58:176:62:176:62:176:Infinity":13,"s:177:22:177:Infinity":47,"f:177:34:177:43":12,"s:177:43:177:86":48,"b:177:76:177:80:177:80:177:84":14,"f:195:28:195:29":13,"s:195:35:195:Infinity":49,"f:195:47:195:56":14,"s:195:56:195:95":50,"f:208:28:208:29":15,"s:208:35:208:Infinity":51,"f:208:47:208:56":16,"s:208:56:208:91":52,"b:216:31:216:65:216:65:216:Infinity":15,"b:220:30:220:52:220:52:220:Infinity":16}}}
,"C:\\Users\\devil\\OneDrive\\Bureau\\projets\\pop_placard\\src\\store\\authStore.ts": {"path":"C:\\Users\\devil\\OneDrive\\Bureau\\projets\\pop_placard\\src\\store\\authStore.ts","statementMap":{"0":{"start":{"line":18,"column":13},"end":{"line":135,"column":null}},"1":{"start":{"line":18,"column":61},"end":{"line":135,"column":2}},"2":{"start":{"line":23,"column":27},"end":{"line":23,"column":null}},"3":{"start":{"line":24,"column":21},"end":{"line":24,"column":null}},"4":{"start":{"line":25,"column":27},"end":{"line":25,"column":null}},"5":{"start":{"line":29,"column":4},"end":{"line":29,"column":null}},"6":{"start":{"line":29,"column":27},"end":{"line":29,"column":null}},"7":{"start":{"line":32,"column":18},"end":{"line":32,"column":null}},"8":{"start":{"line":33,"column":4},"end":{"line":35,"column":null}},"9":{"start":{"line":34,"column":6},"end":{"line":34,"column":null}},"10":{"start":{"line":37,"column":10},"end":{"line":124,"column":null}},"11":{"start":{"line":38,"column":6},"end":{"line":123,"column":null}},"12":{"start":{"line":40,"column":59},"end":{"line":40,"column":null}},"13":{"start":{"line":42,"column":8},"end":{"line":51,"column":null}},"14":{"start":{"line":43,"column":10},"end":{"line":43,"column":null}},"15":{"start":{"line":45,"column":10},"end":{"line":47,"column":null}},"16":{"start":{"line":46,"column":13},"end":{"line":46,"column":null}},"17":{"start":{"line":48,"column":10},"end":{"line":48,"column":null}},"18":{"start":{"line":50,"column":10},"end":{"line":50,"column":null}},"19":{"start":{"line":53,"column":8},"end":{"line":64,"column":null}},"20":{"start":{"line":55,"column":47},"end":{"line":59,"column":null}},"21":{"start":{"line":61,"column":10},"end":{"line":63,"column":null}},"22":{"start":{"line":62,"column":12},"end":{"line":62,"column":null}},"23":{"start":{"line":67,"column":43},"end":{"line":108,"column":null}},"24":{"start":{"line":69,"column":30},"end":{"line":69,"column":null}},"25":{"start":{"line":70,"column":29},"end":{"line":70,"column":null}},"26":{"start":{"line":73,"column":10},"end":{"line":76,"column":null}},"27":{"start":{"line":74,"column":12},"end":{"line":74,"column":null}},"28":{"start":{"line":74,"column":25},"end":{"line":74,"column":null}},"29":{"start":{"line":75,"column":12},"end":{"line":75,"column":null}},"30":{"start":{"line":78,"column":10},"end":{"line":78,"column":null}},"31":{"start":{"line":81,"column":32},"end":{"line":86,"column":null}},"32":{"start":{"line":82,"column":12},"end":{"line":85,"column":null}},"33":{"start":{"line":83,"column":14},"end":{"line":83,"column":null}},"34":{"start":{"line":84,"column":14},"end":{"line":84,"column":null}},"35":{"start":{"line":88,"column":10},"end":{"line":107,"column":null}},"36":{"start":{"line":89,"column":12},"end":{"line":103,"column":null}},"37":{"start":{"line":90,"column":51},"end":{"line":94,"column":null}},"38":{"start":{"line":96,"column":14},"end":{"line":96,"column":null}},"39":{"start":{"line":96,"column":25},"end":{"line":96,"column":null}},"40":{"start":{"line":97,"column":14},"end":{"line":97,"column":null}},"41":{"start":{"line":99,"column":14},"end":{"line":99,"column":null}},"42":{"start":{"line":101,"column":14},"end":{"line":101,"column":null}},"43":{"start":{"line":102,"column":14},"end":{"line":102,"column":null}},"44":{"start":{"line":105,"column":12},"end":{"line":105,"column":null}},"45":{"start":{"line":106,"column":12},"end":{"line":106,"column":null}},"46":{"start":{"line":111,"column":9},"end":{"line":111,"column":null}},"47":{"start":{"line":114,"column":8},"end":{"line":114,"column":null}},"48":{"start":{"line":116,"column":8},"end":{"line":118,"column":null}},"49":{"start":{"line":117,"column":10},"end":{"line":117,"column":null}},"50":{"start":{"line":120,"column":8},"end":{"line":120,"column":null}},"51":{"start":{"line":122,"column":8},"end":{"line":122,"column":null}},"52":{"start":{"line":127,"column":5},"end":{"line":127,"column":null}},"53":{"start":{"line":128,"column":4},"end":{"line":128,"column":null}},"54":{"start":{"line":132,"column":4},"end":{"line":132,"column":null}},"55":{"start":{"line":133,"column":4},"end":{"line":133,"column":null}}},"fnMap":{"0":{"name":"(anonymous_0)","decl":{"start":{"line":18,"column":46},"end":{"line":18,"column":47}},"loc":{"start":{"line":18,"column":61},"end":{"line":135,"column":2}},"line":18},"1":{"name":"(anonymous_1)","decl":{"start":{"line":23,"column":14},"end":{"line":23,"column":15}},"loc":{"start":{"line":23,"column":27},"end":{"line":23,"column":null}},"line":23},"2":{"name":"(anonymous_2)","decl":{"start":{"line":24,"column":11},"end":{"line":24,"column":12}},"loc":{"start":{"line":24,"column":21},"end":{"line":24,"column":null}},"line":24},"3":{"name":"(anonymous_3)","decl":{"start":{"line":25,"column":14},"end":{"line":25,"column":15}},"loc":{"start":{"line":25,"column":27},"end":{"line":25,"column":null}},"line":25},"4":{"name":"(anonymous_4)","decl":{"start":{"line":27,"column":14},"end":{"line":27,"column":26}},"loc":{"start":{"line":27,"column":26},"end":{"line":129,"column":null}},"line":27},"5":{"name":"(anonymous_5)","decl":{"start":{"line":37,"column":25},"end":{"line":37,"column":37}},"loc":{"start":{"line":37,"column":37},"end":{"line":124,"column":7}},"line":37},"6":{"name":"(anonymous_6)","decl":{"start":{"line":67,"column":75},"end":{"line":67,"column":82}},"loc":{"start":{"line":67,"column":101},"end":{"line":108,"column":9}},"line":67},"7":{"name":"(anonymous_7)","decl":{"start":{"line":81,"column":43},"end":{"line":81,"column":49}},"loc":{"start":{"line":81,"column":49},"end":{"line":86,"column":13}},"line":81},"8":{"name":"(anonymous_8)","decl":{"start":{"line":131,"column":11},"end":{"line":131,"column":23}},"loc":{"start":{"line":131,"column":23},"end":{"line":134,"column":null}},"line":131}},"branchMap":{"0":{"loc":{"start":{"line":29,"column":4},"end":{"line":29,"column":null}},"type":"if","locations":[{"start":{"line":29,"column":4},"end":{"line":29,"column":null}},{"start":{},"end":{}}],"line":29},"1":{"loc":{"start":{"line":33,"column":4},"end":{"line":35,"column":null}},"type":"if","locations":[{"start":{"line":33,"column":4},"end":{"line":35,"column":null}},{"start":{},"end":{}}],"line":33},"2":{"loc":{"start":{"line":42,"column":8},"end":{"line":51,"column":null}},"type":"if","locations":[{"start":{"line":42,"column":8},"end":{"line":51,"column":null}},{"start":{"line":49,"column":15},"end":{"line":51,"column":null}}],"line":42},"3":{"loc":{"start":{"line":45,"column":10},"end":{"line":47,"column":null}},"type":"if","locations":[{"start":{"line":45,"column":10},"end":{"line":47,"column":null}},{"start":{},"end":{}}],"line":45},"4":{"loc":{"start":{"line":45,"column":14},"end":{"line":45,"column":106}},"type":"binary-expr","locations":[{"start":{"line":45,"column":14},"end":{"line":45,"column":64}},{"start":{"line":45,"column":64},"end":{"line":45,"column":106}}],"line":45},"5":{"loc":{"start":{"line":53,"column":8},"end":{"line":64,"column":null}},"type":"if","locations":[{"start":{"line":53,"column":8},"end":{"line":64,"column":null}},{"start":{},"end":{}}],"line":53},"6":{"loc":{"start":{"line":61,"column":10},"end":{"line":63,"column":null}},"type":"if","locations":[{"start":{"line":61,"column":10},"end":{"line":63,"column":null}},{"start":{},"end":{}}],"line":61},"7":{"loc":{"start":{"line":61,"column":14},"end":{"line":61,"column":37}},"type":"binary-expr","locations":[{"start":{"line":61,"column":14},"end":{"line":61,"column":24}},{"start":{"line":61,"column":24},"end":{"line":61,"column":37}}],"line":61},"8":{"loc":{"start":{"line":73,"column":10},"end":{"line":76,"column":null}},"type":"if","locations":[{"start":{"line":73,"column":10},"end":{"line":76,"column":null}},{"start":{},"end":{}}],"line":73},"9":{"loc":{"start":{"line":73,"column":14},"end":{"line":73,"column":84}},"type":"binary-expr","locations":[{"start":{"line":73,"column":14},"end":{"line":73,"column":46}},{"start":{"line":73,"column":46},"end":{"line":73,"column":71}},{"start":{"line":73,"column":71},"end":{"line":73,"column":84}}],"line":73},"10":{"loc":{"start":{"line":74,"column":12},"end":{"line":74,"column":null}},"type":"if","locations":[{"start":{"line":74,"column":12},"end":{"line":74,"column":null}},{"start":{},"end":{}}],"line":74},"11":{"loc":{"start":{"line":82,"column":12},"end":{"line":85,"column":null}},"type":"if","locations":[{"start":{"line":82,"column":12},"end":{"line":85,"column":null}},{"start":{},"end":{}}],"line":82},"12":{"loc":{"start":{"line":88,"column":10},"end":{"line":107,"column":null}},"type":"if","locations":[{"start":{"line":88,"column":10},"end":{"line":107,"column":null}},{"start":{"line":104,"column":17},"end":{"line":107,"column":null}}],"line":88},"13":{"loc":{"start":{"line":96,"column":14},"end":{"line":96,"column":null}},"type":"if","locations":[{"start":{"line":96,"column":14},"end":{"line":96,"column":null}},{"start":{},"end":{}}],"line":96},"14":{"loc":{"start":{"line":116,"column":8},"end":{"line":118,"column":null}},"type":"if","locations":[{"start":{"line":116,"column":8},"end":{"line":118,"column":null}},{"start":{},"end":{}}],"line":116},"15":{"loc":{"start":{"line":116,"column":12},"end":{"line":116,"column":94}},"type":"binary-expr","locations":[{"start":{"line":116,"column":12},"end":{"line":116,"column":57}},{"start":{"line":116,"column":57},"end":{"line":116,"column":94}}],"line":116}},"s":{"0":1,"1":1,"2":1,"3":1,"4":0,"5":3,"6":0,"7":3,"8":3,"9":0,"10":3,"11":3,"12":3,"13":3,"14":1,"15":1,"16":1,"17":1,"18":2,"19":3,"20":1,"21":1,"22":1,"23":3,"24":0,"25":0,"26":0,"27":0,"28":0,"29":0,"30":0,"31":0,"32":0,"33":0,"34":0,"35":0,"36":0,"37":0,"38":0,"39":0,"40":0,"41":0,"42":0,"43":0,"44":0,"45":0,"46":3,"47":0,"48":0,"49":0,"50":3,"51":3,"52":3,"53":3,"54":1,"55":1},"f":{"0":1,"1":1,"2":1,"3":0,"4":3,"5":3,"6":0,"7":0,"8":1},"b":{"0":[0,3],"1":[0,3],"2":[1,2],"3":[1,0],"4":[1,0],"5":[1,2],"6":[1,0],"7":[1,1],"8":[0,0],"9":[0,0,0],"10":[0,0],"11":[0,0],"12":[0,0],"13":[0,0],"14":[0,0],"15":[0,0]},"meta":{"lastBranch":16,"lastFunction":9,"lastStatement":56,"seen":{"s:18:13:135:Infinity":0,"f:18:46:18:47":0,"s:18:61:135:2":1,"f:23:14:23:15":1,"s:23:27:23:Infinity":2,"f:24:11:24:12":2,"s:24:21:24:Infinity":3,"f:25:14:25:15":3,"s:25:27:25:Infinity":4,"f:27:14:27:26":4,"b:29:4:29:Infinity:undefined:undefined:undefined:undefined":0,"s:29:4:29:Infinity":5,"s:29:27:29:Infinity":6,"s:32:18:32:Infinity":7,"b:33:4:35:Infinity:undefined:undefined:undefined:undefined":1,"s:33:4:35:Infinity":8,"s:34:6:34:Infinity":9,"s:37:10:124:Infinity":10,"f:37:25:37:37":5,"s:38:6:123:Infinity":11,"s:40:59:40:Infinity":12,"b:42:8:51:Infinity:49:15:51:Infinity":2,"s:42:8:51:Infinity":13,"s:43:10:43:Infinity":14,"b:45:10:47:Infinity:undefined:undefined:undefined:undefined":3,"s:45:10:47:Infinity":15,"b:45:14:45:64:45:64:45:106":4,"s:46:13:46:Infinity":16,"s:48:10:48:Infinity":17,"s:50:10:50:Infinity":18,"b:53:8:64:Infinity:undefined:undefined:undefined:undefined":5,"s:53:8:64:Infinity":19,"s:55:47:59:Infinity":20,"b:61:10:63:Infinity:undefined:undefined:undefined:undefined":6,"s:61:10:63:Infinity":21,"b:61:14:61:24:61:24:61:37":7,"s:62:12:62:Infinity":22,"s:67:43:108:Infinity":23,"f:67:75:67:82":6,"s:69:30:69:Infinity":24,"s:70:29:70:Infinity":25,"b:73:10:76:Infinity:undefined:undefined:undefined:undefined":8,"s:73:10:76:Infinity":26,"b:73:14:73:46:73:46:73:71:73:71:73:84":9,"b:74:12:74:Infinity:undefined:undefined:undefined:undefined":10,"s:74:12:74:Infinity":27,"s:74:25:74:Infinity":28,"s:75:12:75:Infinity":29,"s:78:10:78:Infinity":30,"s:81:32:86:Infinity":31,"f:81:43:81:49":7,"b:82:12:85:Infinity:undefined:undefined:undefined:undefined":11,"s:82:12:85:Infinity":32,"s:83:14:83:Infinity":33,"s:84:14:84:Infinity":34,"b:88:10:107:Infinity:104:17:107:Infinity":12,"s:88:10:107:Infinity":35,"s:89:12:103:Infinity":36,"s:90:51:94:Infinity":37,"b:96:14:96:Infinity:undefined:undefined:undefined:undefined":13,"s:96:14:96:Infinity":38,"s:96:25:96:Infinity":39,"s:97:14:97:Infinity":40,"s:99:14:99:Infinity":41,"s:101:14:101:Infinity":42,"s:102:14:102:Infinity":43,"s:105:12:105:Infinity":44,"s:106:12:106:Infinity":45,"s:111:9:111:Infinity":46,"s:114:8:114:Infinity":47,"b:116:8:118:Infinity:undefined:undefined:undefined:undefined":14,"s:116:8:118:Infinity":48,"b:116:12:116:57:116:57:116:94":15,"s:117:10:117:Infinity":49,"s:120:8:120:Infinity":50,"s:122:8:122:Infinity":51,"s:127:5:127:Infinity":52,"s:128:4:128:Infinity":53,"f:131:11:131:23":8,"s:132:4:132:Infinity":54,"s:133:4:133:Infinity":55}}}
}
